<?xml version="1.0" encoding="UTF-8"?>
<!-- Generated by org.testng.reporters.JUnitReportReporter -->
<testsuite skipped="0" hostname="rv-PC" name="com.konga.test.SearchTest" tests="1" failures="0" timestamp="2019-12-30T02:35:02 IST" time="3.109" errors="0">
  <testcase name="search" time="3.109" classname="com.konga.test.SearchTest"/>
</testsuite> <!-- com.konga.test.SearchTest -->
