<?xml version="1.0" encoding="UTF-8"?>
<!-- Generated by org.testng.reporters.JUnitReportReporter -->
<testsuite skipped="0" hostname="rv-PC" name="com.konga.test.CheckOutTest" tests="1" failures="0" timestamp="2020-01-13T02:48:09 IST" time="33.586" errors="0">
  <testcase name="checkoutTest" time="33.586" classname="com.konga.test.CheckOutTest"/>
</testsuite> <!-- com.konga.test.CheckOutTest -->
