<?xml version="1.0" encoding="UTF-8"?>
<!-- Generated by org.testng.reporters.JUnitReportReporter -->
<testsuite skipped="0" hostname="Abhi-PC" name="com.konga.test.CartValidationTest" tests="1" failures="0" timestamp="06 Oct 2020 08:32:09 GMT" time="60.034" errors="0">
  <testcase name="cartValidationTest" time="60.034" classname="com.konga.test.CartValidationTest"/>
</testsuite> <!-- com.konga.test.CartValidationTest -->
