<?xml version="1.0" encoding="UTF-8"?>
<!-- Generated by org.testng.reporters.JUnitReportReporter -->
<testsuite skipped="0" hostname="rv-PC" name="com.konga.test.CheckOut" tests="1" failures="0" timestamp="2019-12-31T17:58:02 IST" time="0.022" errors="0">
  <testcase name="checkout" time="0.022" classname="com.konga.test.CheckOut"/>
</testsuite> <!-- com.konga.test.CheckOut -->
