<?xml version="1.0" encoding="UTF-8"?>
<!-- Generated by org.testng.reporters.JUnitReportReporter -->
<testsuite skipped="0" hostname="ravi-PC" name="com.konga.test.LoginViaEmail" tests="1" failures="0" timestamp="2020-10-04T16:09:58 IST" time="33.074" errors="0">
  <testcase name="incorrectEmail" time="33.074" classname="com.konga.test.LoginViaEmail"/>
</testsuite> <!-- com.konga.test.LoginViaEmail -->
