<?xml version="1.0" encoding="UTF-8"?>
<!-- Generated by org.testng.reporters.JUnitReportReporter -->
<testsuite skipped="1" hostname="rv-PC" name="com.konga.test.SearchTest" tests="1" failures="0" timestamp="2020-01-08T22:13:20 IST" time="0.000" errors="0">
  <testcase name="search" time="0.000" classname="com.konga.test.SearchTest">
    <skipped/>
  </testcase> <!-- search -->
</testsuite> <!-- com.konga.test.SearchTest -->
