<?xml version="1.0" encoding="UTF-8"?>
<!-- Generated by org.testng.reporters.JUnitReportReporter -->
<testsuite skipped="2" hostname="rv-PC" name="com.konga.test.SignupTest" tests="2" failures="0" timestamp="2020-01-08T22:13:20 IST" time="0.000" errors="0">
  <testcase name="testSignupPhoneError" time="0.000" classname="com.konga.test.SignupTest">
    <skipped/>
  </testcase> <!-- testSignupPhoneError -->
  <testcase name="testSignupPasswordError" time="0.000" classname="com.konga.test.SignupTest">
    <skipped/>
  </testcase> <!-- testSignupPasswordError -->
</testsuite> <!-- com.konga.test.SignupTest -->
