<?xml version="1.0" encoding="UTF-8"?>
<!-- Generated by org.testng.reporters.JUnitReportReporter -->
<testsuite skipped="0" hostname="DESKTOP-9KI2P94" name="com.konga.test.Login" tests="1" failures="0" timestamp="2019-12-12T11:19:49 WAT" time="29.465" errors="0">
  <testcase name="login" time="29.465" classname="com.konga.test.Login"/>
</testsuite> <!-- com.konga.test.Login -->
