<?xml version="1.0" encoding="UTF-8"?>
<!-- Generated by org.testng.reporters.JUnitReportReporter -->
<testsuite skipped="1" hostname="DESKTOP-9KI2P94" name="com.konga.test.SearchTest" tests="1" failures="0" timestamp="2019-12-23T12:05:57 WAT" time="0.000" errors="0">
  <testcase name="search" time="0.000" classname="com.konga.test.SearchTest">
    <skipped/>
  </testcase> <!-- search -->
</testsuite> <!-- com.konga.test.SearchTest -->
