<?xml version="1.0" encoding="UTF-8"?>
<!-- Generated by org.testng.reporters.JUnitReportReporter -->
<testsuite skipped="2" hostname="DESKTOP-9KI2P94" name="com.konga.test.LoginViaEmail" tests="2" failures="0" timestamp="2019-12-23T12:05:57 WAT" time="0.000" errors="0">
  <testcase name="IncorrectEmail" time="0.000" classname="com.konga.test.LoginViaEmail">
    <skipped/>
  </testcase> <!-- IncorrectEmail -->
  <testcase name="login" time="0.000" classname="com.konga.test.LoginViaEmail">
    <skipped/>
  </testcase> <!-- login -->
</testsuite> <!-- com.konga.test.LoginViaEmail -->
